<?xml version="1.0" encoding="UTF-8"?>
<testsuite xmlns:xsi="http://www.w3.org/2001/XMLSchema-instance" xsi:noNamespaceSchemaLocation="https://maven.apache.org/surefire/maven-surefire-plugin/xsd/surefire-test-report-3.0.xsd" version="3.0" name="org.example.testRunner.Runner" time="207.249" tests="20" errors="0" skipped="0" failures="3">
  <properties>
[...]
</properties>
  <testcase name="runScenario[&quot;guest user could register with valid data successfully&quot;, &quot;F01_Register | users could register with new accounts&quot;](1)" classname="org.example.testRunner.Runner" time="10.494">
    <system-out><![CDATA[
@smoke
Scenario: guest user could register with valid data successfully &amp#27;[90m# src/main/resources/features/F01_Register.feature:4&amp#27;[0m
  &amp#27;[32mGiven &amp#27;[0m&amp#27;[32muser go to register page&amp#27;[0m                                 &amp#27;[90m# org.example.stepDefs.D01_registerStepDef.goRegisterPage()&amp#27;[0m
  &amp#27;[32mWhen &amp#27;[0m&amp#27;[32muser select gender type&amp#27;[0m                                   &amp#27;[90m# org.example.stepDefs.D01_registerStepDef.user_select_gender_type()&amp#27;[0m
  &amp#27;[32mAnd &amp#27;[0m&amp#27;[32muser enter first name &amp#27;[0m&amp#27;[32m&amp#27;[1m"Ali"&amp#27;[0m&amp#27;[32m and last name &amp#27;[0m&amp#27;[32m&amp#27;[1m"Jahlan"&amp#27;[0m         &amp#27;[90m# org.example.stepDefs.D01_registerStepDef.user_enter_first_name_and_last_name(java.lang.String,java.lang.String)&amp#27;[0m
  &amp#27;[32mAnd &amp#27;[0m&amp#27;[32muser enter date of birth&amp#27;[0m                                   &amp#27;[90m# org.example.stepDefs.D01_registerStepDef.user_enter_date_of_birth()&amp#27;[0m
  &amp#27;[32mAnd &amp#27;[0m&amp#27;[32muser enter email &amp#27;[0m&amp#27;[32m&amp#27;[1m"QAtester@msn.com"&amp#27;[0m&amp#27;[32m field&amp#27;[0m                  &amp#27;[90m# org.example.stepDefs.D01_registerStepDef.user_enter_email_field(java.lang.String)&amp#27;[0m
  &amp#27;[32mAnd &amp#27;[0m&amp#27;[32muser fills Password fields &amp#27;[0m&amp#27;[32m&amp#27;[1m"P@ssw0rd"&amp#27;[0m&amp#27;[32m &amp#27;[0m&amp#27;[32m&amp#27;[1m"P@ssw0rd"&amp#27;[0m           &amp#27;[90m# org.example.stepDefs.D01_registerStepDef.user_fills_password_fields(java.lang.String,java.lang.String)&amp#27;[0m
  &amp#27;[32mThen &amp#27;[0m&amp#27;[32muser clicks on register button&amp#27;[0m                            &amp#27;[90m# org.example.stepDefs.D01_registerStepDef.user_clicks_on_register_button()&amp#27;[0m
  &amp#27;[32mAnd &amp#27;[0m&amp#27;[32msuccess message is displayed&amp#27;[0m                               &amp#27;[90m# org.example.stepDefs.D01_registerStepDef.success_message_is_displayed()&amp#27;[0m
]]></system-out>
    <system-err><![CDATA[[main] INFO io.github.bonigarcia.wdm.WebDriverManager - Using chromedriver 103.0.5060.53 (resolved driver for Chrome 103)
[main] INFO io.github.bonigarcia.wdm.WebDriverManager - Exporting webdriver.chrome.driver as C:\Users\QA-QC\.cache\selenium\chromedriver\win32\103.0.5060.53\chromedriver.exe
Starting ChromeDriver 103.0.5060.53 (a1711811edd74ff1cf2150f36ffa3b0dae40b17f-refs/branch-heads/5060@{#853}) on port 62441
Only local connections are allowed.
Please see https://chromedriver.chromium.org/security-considerations for suggestions on keeping ChromeDriver safe.
ChromeDriver was started successfully.
Jul 16, 2022 4:23:24 PM org.openqa.selenium.remote.ProtocolHandshake createSession
INFO: Detected upstream dialect: W3C
Jul 16, 2022 4:23:24 PM org.openqa.selenium.devtools.CdpVersionFinder findNearestMatch
INFO: Found exact CDP implementation for version 103
]]></system-err>
  </testcase>
  <testcase name="runScenario[&quot;user could login with valid email and password&quot;, &quot;F02_Login | users could use login functionality to use their accounts&quot;](2)" classname="org.example.testRunner.Runner" time="8.992">
    <system-out><![CDATA[
@smoke
Scenario: user could login with valid email and password       &amp#27;[90m# src/main/resources/features/F02_Login.feature:7&amp#27;[0m
  &amp#27;[32mGiven &amp#27;[0m&amp#27;[32muser go to login page&amp#27;[0m                                  &amp#27;[90m# org.example.stepDefs.D02_loginStepDef.user_go_to_login_page()&amp#27;[0m
  &amp#27;[32mWhen &amp#27;[0m&amp#27;[32muser login with valid &amp#27;[0m&amp#27;[32m&amp#27;[1m"QAtester@msn.com"&amp#27;[0m&amp#27;[32m and &amp#27;[0m&amp#27;[32m&amp#27;[1m"P@ssw0rd"&amp#27;[0m &amp#27;[90m# org.example.stepDefs.D02_loginStepDef.user_login_with_valid(java.lang.String,java.lang.String)&amp#27;[0m
  &amp#27;[32mAnd &amp#27;[0m&amp#27;[32muser press on login button&amp#27;[0m                               &amp#27;[90m# org.example.stepDefs.D02_loginStepDef.user_press_on_login_button()&amp#27;[0m
  &amp#27;[32mThen &amp#27;[0m&amp#27;[32muser login to the system successfully&amp#27;[0m                   &amp#27;[90m# org.example.stepDefs.D02_loginStepDef.user_login_to_the_system_successfully()&amp#27;[0m
]]></system-out>
    <system-err><![CDATA[[main] INFO io.github.bonigarcia.wdm.WebDriverManager - Using chromedriver 103.0.5060.53 (resolved driver for Chrome 103)
[main] INFO io.github.bonigarcia.wdm.WebDriverManager - Exporting webdriver.chrome.driver as C:\Users\QA-QC\.cache\selenium\chromedriver\win32\103.0.5060.53\chromedriver.exe
Starting ChromeDriver 103.0.5060.53 (a1711811edd74ff1cf2150f36ffa3b0dae40b17f-refs/branch-heads/5060@{#853}) on port 56496
Only local connections are allowed.
Please see https://chromedriver.chromium.org/security-considerations for suggestions on keeping ChromeDriver safe.
ChromeDriver was started successfully.
Jul 16, 2022 4:23:34 PM org.openqa.selenium.remote.ProtocolHandshake createSession
INFO: Detected upstream dialect: W3C
Jul 16, 2022 4:23:34 PM org.openqa.selenium.devtools.CdpVersionFinder findNearestMatch
INFO: Found exact CDP implementation for version 103
]]></system-err>
  </testcase>
  <testcase name="runScenario[&quot;user could login with invalid email and password&quot;, &quot;F02_Login | users could use login functionality to use their accounts&quot;](3)" classname="org.example.testRunner.Runner" time="8.051">
    <system-out><![CDATA[
@smoke
Scenario: user could login with invalid email and password     &amp#27;[90m# src/main/resources/features/F02_Login.feature:13&amp#27;[0m
  &amp#27;[32mGiven &amp#27;[0m&amp#27;[32muser go to login page&amp#27;[0m                                  &amp#27;[90m# org.example.stepDefs.D02_loginStepDef.user_go_to_login_page()&amp#27;[0m
  &amp#27;[32mWhen &amp#27;[0m&amp#27;[32muser login with invalid &amp#27;[0m&amp#27;[32m&amp#27;[1m"tester@msn.com"&amp#27;[0m&amp#27;[32m and &amp#27;[0m&amp#27;[32m&amp#27;[1m"P@ssw0rd"&amp#27;[0m &amp#27;[90m# org.example.stepDefs.D02_loginStepDef.user_login_with_invalid(java.lang.String,java.lang.String)&amp#27;[0m
  &amp#27;[32mAnd &amp#27;[0m&amp#27;[32muser press on login button&amp#27;[0m                               &amp#27;[90m# org.example.stepDefs.D02_loginStepDef.user_press_on_login_button()&amp#27;[0m
  &amp#27;[32mThen &amp#27;[0m&amp#27;[32muser could not login to the system&amp#27;[0m                      &amp#27;[90m# org.example.stepDefs.D02_loginStepDef.user_could_not_login_to_the_system()&amp#27;[0m
]]></system-out>
    <system-err><![CDATA[[main] INFO io.github.bonigarcia.wdm.WebDriverManager - Using chromedriver 103.0.5060.53 (resolved driver for Chrome 103)
[main] INFO io.github.bonigarcia.wdm.WebDriverManager - Exporting webdriver.chrome.driver as C:\Users\QA-QC\.cache\selenium\chromedriver\win32\103.0.5060.53\chromedriver.exe
Starting ChromeDriver 103.0.5060.53 (a1711811edd74ff1cf2150f36ffa3b0dae40b17f-refs/branch-heads/5060@{#853}) on port 60159
Only local connections are allowed.
Please see https://chromedriver.chromium.org/security-considerations for suggestions on keeping ChromeDriver safe.
ChromeDriver was started successfully.
Jul 16, 2022 4:23:43 PM org.openqa.selenium.remote.ProtocolHandshake createSession
INFO: Detected upstream dialect: W3C
Jul 16, 2022 4:23:43 PM org.openqa.selenium.devtools.CdpVersionFinder findNearestMatch
INFO: Found exact CDP implementation for version 103
]]></system-err>
  </testcase>
  <testcase name="runScenario[&quot;Select Euro currency from the dropdown list on the top left of home page&quot;, &quot;F03_ChangeCurrency | user changes the currency and reflected on the products list&quot;](4)" classname="org.example.testRunner.Runner" time="8.472">
    <system-out><![CDATA[
@smoke
Scenario: Select Euro currency from the dropdown list on the top left of home page &amp#27;[90m# src/main/resources/features/F03_currencies.feature:3&amp#27;[0m
  &amp#27;[32mGiven &amp#27;[0m&amp#27;[32mselect the currency type Euro Symbol&amp#27;[0m                                       &amp#27;[90m# org.example.stepDefs.D03_currenciesStepDef.select_the_currency_type_euro_symbol()&amp#27;[0m
  &amp#27;[32mThen &amp#27;[0m&amp#27;[32mverify Euro Symbol is shown on the products in Home page&amp#27;[0m                    &amp#27;[90m# org.example.stepDefs.D03_currenciesStepDef.verify_euro_symbol_is_shown_on_the_products_in_home_page()&amp#27;[0m
]]></system-out>
    <system-err><![CDATA[[main] INFO io.github.bonigarcia.wdm.WebDriverManager - Using chromedriver 103.0.5060.53 (resolved driver for Chrome 103)
[main] INFO io.github.bonigarcia.wdm.WebDriverManager - Exporting webdriver.chrome.driver as C:\Users\QA-QC\.cache\selenium\chromedriver\win32\103.0.5060.53\chromedriver.exe
Starting ChromeDriver 103.0.5060.53 (a1711811edd74ff1cf2150f36ffa3b0dae40b17f-refs/branch-heads/5060@{#853}) on port 62081
Only local connections are allowed.
Please see https://chromedriver.chromium.org/security-considerations for suggestions on keeping ChromeDriver safe.
ChromeDriver was started successfully.
Jul 16, 2022 4:23:51 PM org.openqa.selenium.remote.ProtocolHandshake createSession
INFO: Detected upstream dialect: W3C
Jul 16, 2022 4:23:51 PM org.openqa.selenium.devtools.CdpVersionFinder findNearestMatch
INFO: Found exact CDP implementation for version 103
]]></system-err>
  </testcase>
  <testcase name="runScenario[&quot;user could search using product name&quot;, &quot;F04_Search | Logged User could search for any product&quot;](5)" classname="org.example.testRunner.Runner" time="7.937">
    <system-out><![CDATA[
@smoke
Scenario Outline: user could search using product name &amp#27;[90m# src/main/resources/features/F04_Search.feature:11&amp#27;[0m
  &amp#27;[32mGiven &amp#27;[0m&amp#27;[32muser enter &amp#27;[0m&amp#27;[32m&amp#27;[1m"book"&amp#27;[0m&amp#27;[32m in search field&amp#27;[0m              &amp#27;[90m# org.example.stepDefs.D04_searchStepDef.user_enter_in_search_field(java.lang.String)&amp#27;[0m
  &amp#27;[32mWhen &amp#27;[0m&amp#27;[32muser click on search button&amp#27;[0m                     &amp#27;[90m# org.example.stepDefs.D04_searchStepDef.user_click_on_search_button()&amp#27;[0m
  &amp#27;[32mThen &amp#27;[0m&amp#27;[32mverify the URl contains &amp#27;[0m&amp#27;[32m&amp#27;[1m"book"&amp#27;[0m                  &amp#27;[90m# org.example.stepDefs.D04_searchStepDef.verify_the_url_contains(java.lang.String)&amp#27;[0m
  &amp#27;[32mAnd &amp#27;[0m&amp#27;[32mverify results contains &amp#27;[0m&amp#27;[32m&amp#27;[1m"book"&amp#27;[0m                   &amp#27;[90m# org.example.stepDefs.D04_searchStepDef.verify_results_contains(java.lang.String)&amp#27;[0m
]]></system-out>
    <system-err><![CDATA[[main] INFO io.github.bonigarcia.wdm.WebDriverManager - Using chromedriver 103.0.5060.53 (resolved driver for Chrome 103)
[main] INFO io.github.bonigarcia.wdm.WebDriverManager - Exporting webdriver.chrome.driver as C:\Users\QA-QC\.cache\selenium\chromedriver\win32\103.0.5060.53\chromedriver.exe
Starting ChromeDriver 103.0.5060.53 (a1711811edd74ff1cf2150f36ffa3b0dae40b17f-refs/branch-heads/5060@{#853}) on port 61649
Only local connections are allowed.
Please see https://chromedriver.chromium.org/security-considerations for suggestions on keeping ChromeDriver safe.
ChromeDriver was started successfully.
Jul 16, 2022 4:23:59 PM org.openqa.selenium.remote.ProtocolHandshake createSession
INFO: Detected upstream dialect: W3C
Jul 16, 2022 4:23:59 PM org.openqa.selenium.devtools.CdpVersionFinder findNearestMatch
INFO: Found exact CDP implementation for version 103
]]></system-err>
  </testcase>
  <testcase name="runScenario[&quot;user could search using product name&quot;, &quot;F04_Search | Logged User could search for any product&quot;](6)" classname="org.example.testRunner.Runner" time="8.62">
    <system-out><![CDATA[
@smoke
Scenario Outline: user could search using product name &amp#27;[90m# src/main/resources/features/F04_Search.feature:12&amp#27;[0m
  &amp#27;[32mGiven &amp#27;[0m&amp#27;[32muser enter &amp#27;[0m&amp#27;[32m&amp#27;[1m"laptop"&amp#27;[0m&amp#27;[32m in search field&amp#27;[0m            &amp#27;[90m# org.example.stepDefs.D04_searchStepDef.user_enter_in_search_field(java.lang.String)&amp#27;[0m
  &amp#27;[32mWhen &amp#27;[0m&amp#27;[32muser click on search button&amp#27;[0m                     &amp#27;[90m# org.example.stepDefs.D04_searchStepDef.user_click_on_search_button()&amp#27;[0m
  &amp#27;[32mThen &amp#27;[0m&amp#27;[32mverify the URl contains &amp#27;[0m&amp#27;[32m&amp#27;[1m"laptop"&amp#27;[0m                &amp#27;[90m# org.example.stepDefs.D04_searchStepDef.verify_the_url_contains(java.lang.String)&amp#27;[0m
  &amp#27;[32mAnd &amp#27;[0m&amp#27;[32mverify results contains &amp#27;[0m&amp#27;[32m&amp#27;[1m"laptop"&amp#27;[0m                 &amp#27;[90m# org.example.stepDefs.D04_searchStepDef.verify_results_contains(java.lang.String)&amp#27;[0m
]]></system-out>
    <system-err><![CDATA[[main] INFO io.github.bonigarcia.wdm.WebDriverManager - Using chromedriver 103.0.5060.53 (resolved driver for Chrome 103)
[main] INFO io.github.bonigarcia.wdm.WebDriverManager - Exporting webdriver.chrome.driver as C:\Users\QA-QC\.cache\selenium\chromedriver\win32\103.0.5060.53\chromedriver.exe
Starting ChromeDriver 103.0.5060.53 (a1711811edd74ff1cf2150f36ffa3b0dae40b17f-refs/branch-heads/5060@{#853}) on port 51046
Only local connections are allowed.
Please see https://chromedriver.chromium.org/security-considerations for suggestions on keeping ChromeDriver safe.
ChromeDriver was started successfully.
Jul 16, 2022 4:24:07 PM org.openqa.selenium.remote.ProtocolHandshake createSession
INFO: Detected upstream dialect: W3C
Jul 16, 2022 4:24:07 PM org.openqa.selenium.devtools.CdpVersionFinder findNearestMatch
INFO: Found exact CDP implementation for version 103
]]></system-err>
  </testcase>
  <testcase name="runScenario[&quot;user could search using product name&quot;, &quot;F04_Search | Logged User could search for any product&quot;](7)" classname="org.example.testRunner.Runner" time="8.585">
    <system-out><![CDATA[
@smoke
Scenario Outline: user could search using product name &amp#27;[90m# src/main/resources/features/F04_Search.feature:13&amp#27;[0m
  &amp#27;[32mGiven &amp#27;[0m&amp#27;[32muser enter &amp#27;[0m&amp#27;[32m&amp#27;[1m"nike"&amp#27;[0m&amp#27;[32m in search field&amp#27;[0m              &amp#27;[90m# org.example.stepDefs.D04_searchStepDef.user_enter_in_search_field(java.lang.String)&amp#27;[0m
  &amp#27;[32mWhen &amp#27;[0m&amp#27;[32muser click on search button&amp#27;[0m                     &amp#27;[90m# org.example.stepDefs.D04_searchStepDef.user_click_on_search_button()&amp#27;[0m
  &amp#27;[32mThen &amp#27;[0m&amp#27;[32mverify the URl contains &amp#27;[0m&amp#27;[32m&amp#27;[1m"nike"&amp#27;[0m                  &amp#27;[90m# org.example.stepDefs.D04_searchStepDef.verify_the_url_contains(java.lang.String)&amp#27;[0m
  &amp#27;[32mAnd &amp#27;[0m&amp#27;[32mverify results contains &amp#27;[0m&amp#27;[32m&amp#27;[1m"nike"&amp#27;[0m                   &amp#27;[90m# org.example.stepDefs.D04_searchStepDef.verify_results_contains(java.lang.String)&amp#27;[0m
]]></system-out>
    <system-err><![CDATA[[main] INFO io.github.bonigarcia.wdm.WebDriverManager - Using chromedriver 103.0.5060.53 (resolved driver for Chrome 103)
[main] INFO io.github.bonigarcia.wdm.WebDriverManager - Exporting webdriver.chrome.driver as C:\Users\QA-QC\.cache\selenium\chromedriver\win32\103.0.5060.53\chromedriver.exe
Starting ChromeDriver 103.0.5060.53 (a1711811edd74ff1cf2150f36ffa3b0dae40b17f-refs/branch-heads/5060@{#853}) on port 63824
Only local connections are allowed.
Please see https://chromedriver.chromium.org/security-considerations for suggestions on keeping ChromeDriver safe.
ChromeDriver was started successfully.
Jul 16, 2022 4:24:15 PM org.openqa.selenium.remote.ProtocolHandshake createSession
INFO: Detected upstream dialect: W3C
Jul 16, 2022 4:24:15 PM org.openqa.selenium.devtools.CdpVersionFinder findNearestMatch
INFO: Found exact CDP implementation for version 103
]]></system-err>
  </testcase>
  <testcase name="runScenario[&quot;user could search using sku&quot;, &quot;F04_Search | Logged User could search for any product&quot;](8)" classname="org.example.testRunner.Runner" time="12.061">
    <system-out><![CDATA[
@smoke
Scenario Outline: user could search using sku  &amp#27;[90m# src/main/resources/features/F04_Search.feature:23&amp#27;[0m
  &amp#27;[32mGiven &amp#27;[0m&amp#27;[32muser enter &amp#27;[0m&amp#27;[32m&amp#27;[1m"SCI_FAITH"&amp#27;[0m&amp#27;[32m in search field&amp#27;[0m &amp#27;[90m# org.example.stepDefs.D04_searchStepDef.user_enter_in_search_field(java.lang.String)&amp#27;[0m
  &amp#27;[32mWhen &amp#27;[0m&amp#27;[32muser click on search button&amp#27;[0m             &amp#27;[90m# org.example.stepDefs.D04_searchStepDef.user_click_on_search_button()&amp#27;[0m
  &amp#27;[32mAnd &amp#27;[0m&amp#27;[32muser click on the product card&amp#27;[0m           &amp#27;[90m# org.example.stepDefs.D04_searchStepDef.user_click_product_card()&amp#27;[0m
  &amp#27;[32mAnd &amp#27;[0m&amp#27;[32mverify product sku contains &amp#27;[0m&amp#27;[32m&amp#27;[1m"SCI_FAITH"&amp#27;[0m  &amp#27;[90m# org.example.stepDefs.D04_searchStepDef.verify_product_sku_contains(java.lang.String)&amp#27;[0m
]]></system-out>
    <system-err><![CDATA[[main] INFO io.github.bonigarcia.wdm.WebDriverManager - Using chromedriver 103.0.5060.53 (resolved driver for Chrome 103)
[main] INFO io.github.bonigarcia.wdm.WebDriverManager - Exporting webdriver.chrome.driver as C:\Users\QA-QC\.cache\selenium\chromedriver\win32\103.0.5060.53\chromedriver.exe
Starting ChromeDriver 103.0.5060.53 (a1711811edd74ff1cf2150f36ffa3b0dae40b17f-refs/branch-heads/5060@{#853}) on port 52105
Only local connections are allowed.
Please see https://chromedriver.chromium.org/security-considerations for suggestions on keeping ChromeDriver safe.
ChromeDriver was started successfully.
Jul 16, 2022 4:24:24 PM org.openqa.selenium.remote.ProtocolHandshake createSession
INFO: Detected upstream dialect: W3C
Jul 16, 2022 4:24:24 PM org.openqa.selenium.devtools.CdpVersionFinder findNearestMatch
INFO: Found exact CDP implementation for version 103
]]></system-err>
  </testcase>
  <testcase name="runScenario[&quot;user could search using sku&quot;, &quot;F04_Search | Logged User could search for any product&quot;](9)" classname="org.example.testRunner.Runner" time="9.616">
    <system-out><![CDATA[
@smoke
Scenario Outline: user could search using sku  &amp#27;[90m# src/main/resources/features/F04_Search.feature:24&amp#27;[0m
  &amp#27;[32mGiven &amp#27;[0m&amp#27;[32muser enter &amp#27;[0m&amp#27;[32m&amp#27;[1m"APPLE_CAM"&amp#27;[0m&amp#27;[32m in search field&amp#27;[0m &amp#27;[90m# org.example.stepDefs.D04_searchStepDef.user_enter_in_search_field(java.lang.String)&amp#27;[0m
  &amp#27;[32mWhen &amp#27;[0m&amp#27;[32muser click on search button&amp#27;[0m             &amp#27;[90m# org.example.stepDefs.D04_searchStepDef.user_click_on_search_button()&amp#27;[0m
  &amp#27;[32mAnd &amp#27;[0m&amp#27;[32muser click on the product card&amp#27;[0m           &amp#27;[90m# org.example.stepDefs.D04_searchStepDef.user_click_product_card()&amp#27;[0m
  &amp#27;[32mAnd &amp#27;[0m&amp#27;[32mverify product sku contains &amp#27;[0m&amp#27;[32m&amp#27;[1m"APPLE_CAM"&amp#27;[0m  &amp#27;[90m# org.example.stepDefs.D04_searchStepDef.verify_product_sku_contains(java.lang.String)&amp#27;[0m
]]></system-out>
    <system-err><![CDATA[[main] INFO io.github.bonigarcia.wdm.WebDriverManager - Using chromedriver 103.0.5060.53 (resolved driver for Chrome 103)
[main] INFO io.github.bonigarcia.wdm.WebDriverManager - Exporting webdriver.chrome.driver as C:\Users\QA-QC\.cache\selenium\chromedriver\win32\103.0.5060.53\chromedriver.exe
Starting ChromeDriver 103.0.5060.53 (a1711811edd74ff1cf2150f36ffa3b0dae40b17f-refs/branch-heads/5060@{#853}) on port 53838
Only local connections are allowed.
Please see https://chromedriver.chromium.org/security-considerations for suggestions on keeping ChromeDriver safe.
ChromeDriver was started successfully.
Jul 16, 2022 4:24:36 PM org.openqa.selenium.remote.ProtocolHandshake createSession
INFO: Detected upstream dialect: W3C
Jul 16, 2022 4:24:36 PM org.openqa.selenium.devtools.CdpVersionFinder findNearestMatch
INFO: Found exact CDP implementation for version 103
]]></system-err>
  </testcase>
  <testcase name="runScenario[&quot;user could search using sku&quot;, &quot;F04_Search | Logged User could search for any product&quot;](10)" classname="org.example.testRunner.Runner" time="9.203">
    <system-out><![CDATA[
@smoke
Scenario Outline: user could search using sku  &amp#27;[90m# src/main/resources/features/F04_Search.feature:25&amp#27;[0m
  &amp#27;[32mGiven &amp#27;[0m&amp#27;[32muser enter &amp#27;[0m&amp#27;[32m&amp#27;[1m"SF_PRO_11"&amp#27;[0m&amp#27;[32m in search field&amp#27;[0m &amp#27;[90m# org.example.stepDefs.D04_searchStepDef.user_enter_in_search_field(java.lang.String)&amp#27;[0m
  &amp#27;[32mWhen &amp#27;[0m&amp#27;[32muser click on search button&amp#27;[0m             &amp#27;[90m# org.example.stepDefs.D04_searchStepDef.user_click_on_search_button()&amp#27;[0m
  &amp#27;[32mAnd &amp#27;[0m&amp#27;[32muser click on the product card&amp#27;[0m           &amp#27;[90m# org.example.stepDefs.D04_searchStepDef.user_click_product_card()&amp#27;[0m
  &amp#27;[32mAnd &amp#27;[0m&amp#27;[32mverify product sku contains &amp#27;[0m&amp#27;[32m&amp#27;[1m"SF_PRO_11"&amp#27;[0m  &amp#27;[90m# org.example.stepDefs.D04_searchStepDef.verify_product_sku_contains(java.lang.String)&amp#27;[0m
]]></system-out>
    <system-err><![CDATA[[main] INFO io.github.bonigarcia.wdm.WebDriverManager - Using chromedriver 103.0.5060.53 (resolved driver for Chrome 103)
[main] INFO io.github.bonigarcia.wdm.WebDriverManager - Exporting webdriver.chrome.driver as C:\Users\QA-QC\.cache\selenium\chromedriver\win32\103.0.5060.53\chromedriver.exe
Starting ChromeDriver 103.0.5060.53 (a1711811edd74ff1cf2150f36ffa3b0dae40b17f-refs/branch-heads/5060@{#853}) on port 63217
Only local connections are allowed.
Please see https://chromedriver.chromium.org/security-considerations for suggestions on keeping ChromeDriver safe.
ChromeDriver was started successfully.
Jul 16, 2022 4:24:46 PM org.openqa.selenium.remote.ProtocolHandshake createSession
INFO: Detected upstream dialect: W3C
Jul 16, 2022 4:24:46 PM org.openqa.selenium.devtools.CdpVersionFinder findNearestMatch
INFO: Found exact CDP implementation for version 103
]]></system-err>
  </testcase>
  <testcase name="runScenario[&quot;User hover on one of main categories then click on sub category&quot;, &quot;F05_hoverCategories | Ensure that products appear in categories&quot;](11)" classname="org.example.testRunner.Runner" time="7.541">
    <system-out><![CDATA[
@smoke
Scenario: User hover on one of main categories then click on sub category &amp#27;[90m# src/main/resources/features/F05_hoverCategories.feature:3&amp#27;[0m
  &amp#27;[32mGiven &amp#27;[0m&amp#27;[32mUser hover on random main category on the top menu&amp#27;[0m                &amp#27;[90m# org.example.stepDefs.D05_hoverCategoriesStepDef.user_hover_on_random_main_category_on_the_top_menu()&amp#27;[0m
  &amp#27;[32mWhen &amp#27;[0m&amp#27;[32muser click on a sub category of product&amp#27;[0m                            &amp#27;[90m# org.example.stepDefs.D05_hoverCategoriesStepDef.user_click_on_a_sub_category_of_product()&amp#27;[0m
  &amp#27;[32mThen &amp#27;[0m&amp#27;[32mverify if the category title is matching&amp#27;[0m                           &amp#27;[90m# org.example.stepDefs.D05_hoverCategoriesStepDef.verify_if_the_category_title_is_matching()&amp#27;[0m
]]></system-out>
    <system-err><![CDATA[[main] INFO io.github.bonigarcia.wdm.WebDriverManager - Using chromedriver 103.0.5060.53 (resolved driver for Chrome 103)
[main] INFO io.github.bonigarcia.wdm.WebDriverManager - Exporting webdriver.chrome.driver as C:\Users\QA-QC\.cache\selenium\chromedriver\win32\103.0.5060.53\chromedriver.exe
Starting ChromeDriver 103.0.5060.53 (a1711811edd74ff1cf2150f36ffa3b0dae40b17f-refs/branch-heads/5060@{#853}) on port 54976
Only local connections are allowed.
Please see https://chromedriver.chromium.org/security-considerations for suggestions on keeping ChromeDriver safe.
ChromeDriver was started successfully.
Jul 16, 2022 4:24:55 PM org.openqa.selenium.remote.ProtocolHandshake createSession
INFO: Detected upstream dialect: W3C
Jul 16, 2022 4:24:55 PM org.openqa.selenium.devtools.CdpVersionFinder findNearestMatch
INFO: Found exact CDP implementation for version 103
]]></system-err>
  </testcase>
  <testcase name="runScenario[&quot;verify if the first slider link is exist&quot;, &quot;F06_homeSliders | check if the home slider is work as expected&quot;](12)" classname="org.example.testRunner.Runner" time="7.98">
    <failure message="expected [https://demo.nopcommerce.com/nokia-lumia-1020] but found [https://demo.nopcommerce.com/]" type="java.lang.AssertionError"><![CDATA[java.lang.AssertionError: expected [https://demo.nopcommerce.com/nokia-lumia-1020] but found [https://demo.nopcommerce.com/]
	at org.testng.Assert.fail(Assert.java:110)
	at org.testng.Assert.failNotEquals(Assert.java:1413)
	at org.testng.Assert.assertEqualsImpl(Assert.java:149)
	at org.testng.Assert.assertEquals(Assert.java:131)
	at org.testng.Assert.assertEquals(Assert.java:655)
	at org.testng.Assert.assertEquals(Assert.java:665)
	at org.example.stepDefs.D06_homeSlidersStepDef.verify_if_the_redirect_link_is(D06_homeSlidersStepDef.java:29)
	at ✽.verify if the redirect link is "https://demo.nopcommerce.com/nokia-lumia-1020"(file:///D:/clipse-workspaces/intellij/automation_projects/demonopcommerce/src/main/resources/features/F06_homeSliders.feature:5)
]]></failure>
    <system-out><![CDATA[
@smoke
Scenario: verify if the first slider link is exist                                    &amp#27;[90m# src/main/resources/features/F06_homeSliders.feature:3&amp#27;[0m
  &amp#27;[32mGiven &amp#27;[0m&amp#27;[32muser click first slide&amp#27;[0m                                                        &amp#27;[90m# org.example.stepDefs.D06_homeSlidersStepDef.user_click_first_slide()&amp#27;[0m
  &amp#27;[31mThen &amp#27;[0m&amp#27;[31mverify if the redirect link is &amp#27;[0m&amp#27;[31m&amp#27;[1m"https://demo.nopcommerce.com/nokia-lumia-1020"&amp#27;[0m &amp#27;[90m# org.example.stepDefs.D06_homeSlidersStepDef.verify_if_the_redirect_link_is(java.lang.String)&amp#27;[0m
      &amp#27;[31mjava.lang.AssertionError: expected [https://demo.nopcommerce.com/nokia-lumia-1020] but found [https://demo.nopcommerce.com/]
	at org.testng.Assert.fail(Assert.java:110)
	at org.testng.Assert.failNotEquals(Assert.java:1413)
	at org.testng.Assert.assertEqualsImpl(Assert.java:149)
	at org.testng.Assert.assertEquals(Assert.java:131)
	at org.testng.Assert.assertEquals(Assert.java:655)
	at org.testng.Assert.assertEquals(Assert.java:665)
	at org.example.stepDefs.D06_homeSlidersStepDef.verify_if_the_redirect_link_is(D06_homeSlidersStepDef.java:29)
	at ✽.verify if the redirect link is "https://demo.nopcommerce.com/nokia-lumia-1020"(file:///D:/clipse-workspaces/intellij/automation_projects/demonopcommerce/src/main/resources/features/F06_homeSliders.feature:5)
&amp#27;[0m
]]></system-out>
    <system-err><![CDATA[[main] INFO io.github.bonigarcia.wdm.WebDriverManager - Using chromedriver 103.0.5060.53 (resolved driver for Chrome 103)
[main] INFO io.github.bonigarcia.wdm.WebDriverManager - Exporting webdriver.chrome.driver as C:\Users\QA-QC\.cache\selenium\chromedriver\win32\103.0.5060.53\chromedriver.exe
Starting ChromeDriver 103.0.5060.53 (a1711811edd74ff1cf2150f36ffa3b0dae40b17f-refs/branch-heads/5060@{#853}) on port 55322
Only local connections are allowed.
Please see https://chromedriver.chromium.org/security-considerations for suggestions on keeping ChromeDriver safe.
ChromeDriver was started successfully.
Jul 16, 2022 4:25:02 PM org.openqa.selenium.remote.ProtocolHandshake createSession
INFO: Detected upstream dialect: W3C
Jul 16, 2022 4:25:02 PM org.openqa.selenium.devtools.CdpVersionFinder findNearestMatch
INFO: Found exact CDP implementation for version 103
]]></system-err>
  </testcase>
  <testcase name="runScenario[&quot;verify if the second slider link is exist&quot;, &quot;F06_homeSliders | check if the home slider is work as expected&quot;](13)" classname="org.example.testRunner.Runner" time="9.067">
    <failure message="expected [https://demo.nopcommerce.com/iphone-6] but found [https://demo.nopcommerce.com/]" type="java.lang.AssertionError"><![CDATA[java.lang.AssertionError: expected [https://demo.nopcommerce.com/iphone-6] but found [https://demo.nopcommerce.com/]
	at org.testng.Assert.fail(Assert.java:110)
	at org.testng.Assert.failNotEquals(Assert.java:1413)
	at org.testng.Assert.assertEqualsImpl(Assert.java:149)
	at org.testng.Assert.assertEquals(Assert.java:131)
	at org.testng.Assert.assertEquals(Assert.java:655)
	at org.testng.Assert.assertEquals(Assert.java:665)
	at org.example.stepDefs.D06_homeSlidersStepDef.verify_if_the_redirect_link_is(D06_homeSlidersStepDef.java:29)
	at ✽.verify if the redirect link is "https://demo.nopcommerce.com/iphone-6"(file:///D:/clipse-workspaces/intellij/automation_projects/demonopcommerce/src/main/resources/features/F06_homeSliders.feature:9)
]]></failure>
    <system-out><![CDATA[
@smoke
Scenario: verify if the second slider link is exist                           &amp#27;[90m# src/main/resources/features/F06_homeSliders.feature:7&amp#27;[0m
  &amp#27;[32mGiven &amp#27;[0m&amp#27;[32muser click second slide&amp#27;[0m                                               &amp#27;[90m# org.example.stepDefs.D06_homeSlidersStepDef.user_click_second_slide()&amp#27;[0m
  &amp#27;[31mThen &amp#27;[0m&amp#27;[31mverify if the redirect link is &amp#27;[0m&amp#27;[31m&amp#27;[1m"https://demo.nopcommerce.com/iphone-6"&amp#27;[0m &amp#27;[90m# org.example.stepDefs.D06_homeSlidersStepDef.verify_if_the_redirect_link_is(java.lang.String)&amp#27;[0m
      &amp#27;[31mjava.lang.AssertionError: expected [https://demo.nopcommerce.com/iphone-6] but found [https://demo.nopcommerce.com/]
	at org.testng.Assert.fail(Assert.java:110)
	at org.testng.Assert.failNotEquals(Assert.java:1413)
	at org.testng.Assert.assertEqualsImpl(Assert.java:149)
	at org.testng.Assert.assertEquals(Assert.java:131)
	at org.testng.Assert.assertEquals(Assert.java:655)
	at org.testng.Assert.assertEquals(Assert.java:665)
	at org.example.stepDefs.D06_homeSlidersStepDef.verify_if_the_redirect_link_is(D06_homeSlidersStepDef.java:29)
	at ✽.verify if the redirect link is "https://demo.nopcommerce.com/iphone-6"(file:///D:/clipse-workspaces/intellij/automation_projects/demonopcommerce/src/main/resources/features/F06_homeSliders.feature:9)
&amp#27;[0m
]]></system-out>
    <system-err><![CDATA[[main] INFO io.github.bonigarcia.wdm.WebDriverManager - Using chromedriver 103.0.5060.53 (resolved driver for Chrome 103)
[main] INFO io.github.bonigarcia.wdm.WebDriverManager - Exporting webdriver.chrome.driver as C:\Users\QA-QC\.cache\selenium\chromedriver\win32\103.0.5060.53\chromedriver.exe
Starting ChromeDriver 103.0.5060.53 (a1711811edd74ff1cf2150f36ffa3b0dae40b17f-refs/branch-heads/5060@{#853}) on port 50983
Only local connections are allowed.
Please see https://chromedriver.chromium.org/security-considerations for suggestions on keeping ChromeDriver safe.
ChromeDriver was started successfully.
Jul 16, 2022 4:25:11 PM org.openqa.selenium.remote.ProtocolHandshake createSession
INFO: Detected upstream dialect: W3C
Jul 16, 2022 4:25:11 PM org.openqa.selenium.devtools.CdpVersionFinder findNearestMatch
INFO: Found exact CDP implementation for version 103
]]></system-err>
  </testcase>
  <testcase name="runScenario[&quot;user opens facebook link&quot;, &quot;F07_followUs | User open social media links&quot;](14)" classname="org.example.testRunner.Runner" time="23.804">
    <system-out><![CDATA[
@smoke
Scenario: user opens facebook link                                &amp#27;[90m# src/main/resources/features/F07_followUs.feature:4&amp#27;[0m
  &amp#27;[32mGiven &amp#27;[0m&amp#27;[32muser click on facebook icon&amp#27;[0m                               &amp#27;[90m# org.example.stepDefs.D07_followUsStepDef.user_click_on_facebook_icon()&amp#27;[0m
  &amp#27;[32mThen &amp#27;[0m&amp#27;[32mverify new tab link &amp#27;[0m&amp#27;[32m&amp#27;[1m"https://www.facebook.com/nopCommerce"&amp#27;[0m &amp#27;[90m# org.example.stepDefs.D07_followUsStepDef.verify_new_tab_link(java.lang.String)&amp#27;[0m
  &amp#27;[32mAnd &amp#27;[0m&amp#27;[32mclose the current tab&amp#27;[0m                                       &amp#27;[90m# org.example.stepDefs.D07_followUsStepDef.close_the_current_tab()&amp#27;[0m
]]></system-out>
    <system-err><![CDATA[[main] INFO io.github.bonigarcia.wdm.WebDriverManager - Using chromedriver 103.0.5060.53 (resolved driver for Chrome 103)
[main] INFO io.github.bonigarcia.wdm.WebDriverManager - Exporting webdriver.chrome.driver as C:\Users\QA-QC\.cache\selenium\chromedriver\win32\103.0.5060.53\chromedriver.exe
Starting ChromeDriver 103.0.5060.53 (a1711811edd74ff1cf2150f36ffa3b0dae40b17f-refs/branch-heads/5060@{#853}) on port 50536
Only local connections are allowed.
Please see https://chromedriver.chromium.org/security-considerations for suggestions on keeping ChromeDriver safe.
ChromeDriver was started successfully.
Jul 16, 2022 4:25:20 PM org.openqa.selenium.remote.ProtocolHandshake createSession
INFO: Detected upstream dialect: W3C
Jul 16, 2022 4:25:20 PM org.openqa.selenium.devtools.CdpVersionFinder findNearestMatch
INFO: Found exact CDP implementation for version 103
]]></system-err>
  </testcase>
  <testcase name="runScenario[&quot;user opens twitter link&quot;, &quot;F07_followUs | User open social media links&quot;](15)" classname="org.example.testRunner.Runner" time="9.516">
    <system-out><![CDATA[
@smoke
Scenario: user opens twitter link                            &amp#27;[90m# src/main/resources/features/F07_followUs.feature:9&amp#27;[0m
  &amp#27;[32mGiven &amp#27;[0m&amp#27;[32muser click on twitter icon&amp#27;[0m                           &amp#27;[90m# org.example.stepDefs.D07_followUsStepDef.user_click_on_twitter_icon()&amp#27;[0m
  &amp#27;[32mThen &amp#27;[0m&amp#27;[32mverify new tab link &amp#27;[0m&amp#27;[32m&amp#27;[1m"https://twitter.com/nopCommerce"&amp#27;[0m &amp#27;[90m# org.example.stepDefs.D07_followUsStepDef.verify_new_tab_link(java.lang.String)&amp#27;[0m
  &amp#27;[32mAnd &amp#27;[0m&amp#27;[32mclose the current tab&amp#27;[0m                                  &amp#27;[90m# org.example.stepDefs.D07_followUsStepDef.close_the_current_tab()&amp#27;[0m
]]></system-out>
    <system-err><![CDATA[[main] INFO io.github.bonigarcia.wdm.WebDriverManager - Using chromedriver 103.0.5060.53 (resolved driver for Chrome 103)
[main] INFO io.github.bonigarcia.wdm.WebDriverManager - Exporting webdriver.chrome.driver as C:\Users\QA-QC\.cache\selenium\chromedriver\win32\103.0.5060.53\chromedriver.exe
Starting ChromeDriver 103.0.5060.53 (a1711811edd74ff1cf2150f36ffa3b0dae40b17f-refs/branch-heads/5060@{#853}) on port 60103
Only local connections are allowed.
Please see https://chromedriver.chromium.org/security-considerations for suggestions on keeping ChromeDriver safe.
ChromeDriver was started successfully.
Jul 16, 2022 4:25:43 PM org.openqa.selenium.remote.ProtocolHandshake createSession
INFO: Detected upstream dialect: W3C
Jul 16, 2022 4:25:43 PM org.openqa.selenium.devtools.CdpVersionFinder findNearestMatch
INFO: Found exact CDP implementation for version 103
]]></system-err>
  </testcase>
  <testcase name="runScenario[&quot;user opens rss link&quot;, &quot;F07_followUs | User open social media links&quot;](16)" classname="org.example.testRunner.Runner" time="8.741">
    <failure message="Index 1 out of bounds for length 1" type="java.lang.IndexOutOfBoundsException"><![CDATA[java.lang.IndexOutOfBoundsException: Index 1 out of bounds for length 1
	at java.base/jdk.internal.util.Preconditions.outOfBounds(Preconditions.java:100)
	at java.base/jdk.internal.util.Preconditions.outOfBoundsCheckIndex(Preconditions.java:106)
	at java.base/jdk.internal.util.Preconditions.checkIndex(Preconditions.java:302)
	at java.base/java.util.Objects.checkIndex(Objects.java:359)
	at java.base/java.util.ArrayList.get(ArrayList.java:427)
	at org.example.stepDefs.D07_followUsStepDef.verify_new_tab_link(D07_followUsStepDef.java:44)
	at ✽.verify new tab link "https://demo.nopcommerce.com/new-online-store-is-open"(file:///D:/clipse-workspaces/intellij/automation_projects/demonopcommerce/src/main/resources/features/F07_followUs.feature:16)
]]></failure>
    <system-out><![CDATA[
@smoke
Scenario: user opens rss link                                                      &amp#27;[90m# src/main/resources/features/F07_followUs.feature:14&amp#27;[0m
  &amp#27;[32mGiven &amp#27;[0m&amp#27;[32muser click on rss icon&amp#27;[0m                                                     &amp#27;[90m# org.example.stepDefs.D07_followUsStepDef.user_click_on_rss_icon()&amp#27;[0m
  &amp#27;[31mThen &amp#27;[0m&amp#27;[31mverify new tab link &amp#27;[0m&amp#27;[31m&amp#27;[1m"https://demo.nopcommerce.com/new-online-store-is-open"&amp#27;[0m &amp#27;[90m# org.example.stepDefs.D07_followUsStepDef.verify_new_tab_link(java.lang.String)&amp#27;[0m
      &amp#27;[31mjava.lang.IndexOutOfBoundsException: Index 1 out of bounds for length 1
	at java.base/jdk.internal.util.Preconditions.outOfBounds(Preconditions.java:100)
	at java.base/jdk.internal.util.Preconditions.outOfBoundsCheckIndex(Preconditions.java:106)
	at java.base/jdk.internal.util.Preconditions.checkIndex(Preconditions.java:302)
	at java.base/java.util.Objects.checkIndex(Objects.java:359)
	at java.base/java.util.ArrayList.get(ArrayList.java:427)
	at org.example.stepDefs.D07_followUsStepDef.verify_new_tab_link(D07_followUsStepDef.java:44)
	at ✽.verify new tab link "https://demo.nopcommerce.com/new-online-store-is-open"(file:///D:/clipse-workspaces/intellij/automation_projects/demonopcommerce/src/main/resources/features/F07_followUs.feature:16)
&amp#27;[0m
  &amp#27;[36mAnd &amp#27;[0m&amp#27;[36mclose the current tab&amp#27;[0m                                                        &amp#27;[90m# org.example.stepDefs.D07_followUsStepDef.close_the_current_tab()&amp#27;[0m
]]></system-out>
    <system-err><![CDATA[[main] INFO io.github.bonigarcia.wdm.WebDriverManager - Using chromedriver 103.0.5060.53 (resolved driver for Chrome 103)
[main] INFO io.github.bonigarcia.wdm.WebDriverManager - Exporting webdriver.chrome.driver as C:\Users\QA-QC\.cache\selenium\chromedriver\win32\103.0.5060.53\chromedriver.exe
Starting ChromeDriver 103.0.5060.53 (a1711811edd74ff1cf2150f36ffa3b0dae40b17f-refs/branch-heads/5060@{#853}) on port 52802
Only local connections are allowed.
Please see https://chromedriver.chromium.org/security-considerations for suggestions on keeping ChromeDriver safe.
ChromeDriver was started successfully.
Jul 16, 2022 4:25:53 PM org.openqa.selenium.remote.ProtocolHandshake createSession
INFO: Detected upstream dialect: W3C
Jul 16, 2022 4:25:53 PM org.openqa.selenium.devtools.CdpVersionFinder findNearestMatch
INFO: Found exact CDP implementation for version 103
]]></system-err>
  </testcase>
  <testcase name="runScenario[&quot;user opens youtube link&quot;, &quot;F07_followUs | User open social media links&quot;](17)" classname="org.example.testRunner.Runner" time="16.532">
    <system-out><![CDATA[
@smoke
Scenario: user opens youtube link                                     &amp#27;[90m# src/main/resources/features/F07_followUs.feature:19&amp#27;[0m
  &amp#27;[32mGiven &amp#27;[0m&amp#27;[32muser click on youtube icon&amp#27;[0m                                    &amp#27;[90m# org.example.stepDefs.D07_followUsStepDef.user_click_on_youtube_icon()&amp#27;[0m
  &amp#27;[32mThen &amp#27;[0m&amp#27;[32mverify new tab link &amp#27;[0m&amp#27;[32m&amp#27;[1m"https://www.youtube.com/user/nopCommerce"&amp#27;[0m &amp#27;[90m# org.example.stepDefs.D07_followUsStepDef.verify_new_tab_link(java.lang.String)&amp#27;[0m
  &amp#27;[32mAnd &amp#27;[0m&amp#27;[32mclose the current tab&amp#27;[0m                                           &amp#27;[90m# org.example.stepDefs.D07_followUsStepDef.close_the_current_tab()&amp#27;[0m
]]></system-out>
    <system-err><![CDATA[[main] INFO io.github.bonigarcia.wdm.WebDriverManager - Using chromedriver 103.0.5060.53 (resolved driver for Chrome 103)
[main] INFO io.github.bonigarcia.wdm.WebDriverManager - Exporting webdriver.chrome.driver as C:\Users\QA-QC\.cache\selenium\chromedriver\win32\103.0.5060.53\chromedriver.exe
Starting ChromeDriver 103.0.5060.53 (a1711811edd74ff1cf2150f36ffa3b0dae40b17f-refs/branch-heads/5060@{#853}) on port 61248
Only local connections are allowed.
Please see https://chromedriver.chromium.org/security-considerations for suggestions on keeping ChromeDriver safe.
ChromeDriver was started successfully.
Jul 16, 2022 4:26:02 PM org.openqa.selenium.remote.ProtocolHandshake createSession
INFO: Detected upstream dialect: W3C
Jul 16, 2022 4:26:02 PM org.openqa.selenium.devtools.CdpVersionFinder findNearestMatch
INFO: Found exact CDP implementation for version 103
]]></system-err>
  </testcase>
  <testcase name="runScenario[&quot;user save a products to the wish list&quot;, &quot;F08_Wishlist | User using wish list to save a products&quot;](18)" classname="org.example.testRunner.Runner" time="9.762">
    <system-out><![CDATA[
@smoke
Scenario: user save a products to the wish list                                                   &amp#27;[90m# src/main/resources/features/F08_Wishlist.feature:3&amp#27;[0m
  &amp#27;[32mGiven &amp#27;[0m&amp#27;[32muser click on the heart icon&amp#27;[0m                                                              &amp#27;[90m# org.example.stepDefs.D08_WishlistStepDef.user_click_on_the_heart_icon()&amp#27;[0m
  &amp#27;[32mThen &amp#27;[0m&amp#27;[32mverify the success msg &amp#27;[0m&amp#27;[32m&amp#27;[1m"The product has been added to your wishlist"&amp#27;[0m&amp#27;[32m and BGColor &amp#27;[0m&amp#27;[32m&amp#27;[1m"#4bb07a"&amp#27;[0m &amp#27;[90m# org.example.stepDefs.D08_WishlistStepDef.verify_the_success_msg(java.lang.String,java.lang.String)&amp#27;[0m
]]></system-out>
    <system-err><![CDATA[[main] INFO io.github.bonigarcia.wdm.WebDriverManager - Using chromedriver 103.0.5060.53 (resolved driver for Chrome 103)
[main] INFO io.github.bonigarcia.wdm.WebDriverManager - Exporting webdriver.chrome.driver as C:\Users\QA-QC\.cache\selenium\chromedriver\win32\103.0.5060.53\chromedriver.exe
Starting ChromeDriver 103.0.5060.53 (a1711811edd74ff1cf2150f36ffa3b0dae40b17f-refs/branch-heads/5060@{#853}) on port 51064
Only local connections are allowed.
Please see https://chromedriver.chromium.org/security-considerations for suggestions on keeping ChromeDriver safe.
ChromeDriver was started successfully.
Jul 16, 2022 4:26:18 PM org.openqa.selenium.remote.ProtocolHandshake createSession
INFO: Detected upstream dialect: W3C
Jul 16, 2022 4:26:18 PM org.openqa.selenium.devtools.CdpVersionFinder findNearestMatch
INFO: Found exact CDP implementation for version 103
]]></system-err>
  </testcase>
  <testcase name="runScenario[&quot;Check number of products added to the wish list&quot;, &quot;F08_Wishlist | User using wish list to save a products&quot;](19)" classname="org.example.testRunner.Runner" time="8.868">
    <system-out><![CDATA[
@smoke
Scenario: Check number of products added to the wish list &amp#27;[90m# src/main/resources/features/F08_Wishlist.feature:7&amp#27;[0m
  &amp#27;[32mGiven &amp#27;[0m&amp#27;[32muser click on the heart icon&amp#27;[0m                      &amp#27;[90m# org.example.stepDefs.D08_WishlistStepDef.user_click_on_the_heart_icon()&amp#27;[0m
  &amp#27;[32mWhen &amp#27;[0m&amp#27;[32muser close the success msg bar&amp#27;[0m                     &amp#27;[90m# org.example.stepDefs.D08_WishlistStepDef.user_close_the_success_msg_bar()&amp#27;[0m
  &amp#27;[32mThen &amp#27;[0m&amp#27;[32mverify the wishlist Qty bigger than zero&amp#27;[0m           &amp#27;[90m# org.example.stepDefs.D08_WishlistStepDef.verify_the_wishlist_qty_bigger_than_zero()&amp#27;[0m
]]></system-out>
    <system-err><![CDATA[[main] INFO io.github.bonigarcia.wdm.WebDriverManager - Using chromedriver 103.0.5060.53 (resolved driver for Chrome 103)
[main] INFO io.github.bonigarcia.wdm.WebDriverManager - Exporting webdriver.chrome.driver as C:\Users\QA-QC\.cache\selenium\chromedriver\win32\103.0.5060.53\chromedriver.exe
Starting ChromeDriver 103.0.5060.53 (a1711811edd74ff1cf2150f36ffa3b0dae40b17f-refs/branch-heads/5060@{#853}) on port 49409
Only local connections are allowed.
Please see https://chromedriver.chromium.org/security-considerations for suggestions on keeping ChromeDriver safe.
ChromeDriver was started successfully.
Jul 16, 2022 4:26:28 PM org.openqa.selenium.remote.ProtocolHandshake createSession
INFO: Detected upstream dialect: W3C
Jul 16, 2022 4:26:28 PM org.openqa.selenium.devtools.CdpVersionFinder findNearestMatch
INFO: Found exact CDP implementation for version 103
]]></system-err>
  </testcase>
  <testcase name="runScenario[&quot;User could reset his/her password successfully&quot;, &quot;F09_ResetPassword | User could reset password&quot;](20)" classname="org.example.testRunner.Runner" time="10.847">
    <system-out><![CDATA[
@smoke
Scenario: User could reset his/her password successfully &amp#27;[90m# src/main/resources/features/F09_ResetPassword.feature:3&amp#27;[0m
  &amp#27;[32mGiven &amp#27;[0m&amp#27;[32muser click on login button&amp#27;[0m                       &amp#27;[90m# org.example.stepDefs.D09_resetPassword.user_click_on_login_button()&amp#27;[0m
  &amp#27;[32mWhen &amp#27;[0m&amp#27;[32muser click on Forgot password link&amp#27;[0m                &amp#27;[90m# org.example.stepDefs.D09_resetPassword.user_click_on_forgot_password_link()&amp#27;[0m
  &amp#27;[32mAnd &amp#27;[0m&amp#27;[32muser enter valid &amp#27;[0m&amp#27;[32m&amp#27;[1m"QAtester@msn.com"&amp#27;[0m                &amp#27;[90m# org.example.stepDefs.D09_resetPassword.user_enter_valid_email(java.lang.String)&amp#27;[0m
  &amp#27;[32mAnd &amp#27;[0m&amp#27;[32mclick on recover button&amp#27;[0m                            &amp#27;[90m# org.example.stepDefs.D09_resetPassword.click_on_recover_button()&amp#27;[0m
  &amp#27;[32mThen &amp#27;[0m&amp#27;[32mcheck the reset successfully&amp#27;[0m                      &amp#27;[90m# org.example.stepDefs.D09_resetPassword.check_the_reset_successfully()&amp#27;[0m
]]></system-out>
    <system-err><![CDATA[[main] INFO io.github.bonigarcia.wdm.WebDriverManager - Using chromedriver 103.0.5060.53 (resolved driver for Chrome 103)
[main] INFO io.github.bonigarcia.wdm.WebDriverManager - Exporting webdriver.chrome.driver as C:\Users\QA-QC\.cache\selenium\chromedriver\win32\103.0.5060.53\chromedriver.exe
Starting ChromeDriver 103.0.5060.53 (a1711811edd74ff1cf2150f36ffa3b0dae40b17f-refs/branch-heads/5060@{#853}) on port 51184
Only local connections are allowed.
Please see https://chromedriver.chromium.org/security-considerations for suggestions on keeping ChromeDriver safe.
ChromeDriver was started successfully.
Jul 16, 2022 4:26:37 PM org.openqa.selenium.remote.ProtocolHandshake createSession
INFO: Detected upstream dialect: W3C
Jul 16, 2022 4:26:37 PM org.openqa.selenium.devtools.CdpVersionFinder findNearestMatch
INFO: Found exact CDP implementation for version 103
]]></system-err>
  </testcase>
</testsuite>