<?xml version="1.0" encoding="UTF-8"?>
<testng-results ignored="0" total="20" passed="17" failed="3" skipped="0">
  <reporter-output>
  </reporter-output>
  <suite started-at="2022-07-16T16:23:21 EET" name="Surefire suite" finished-at="2022-07-16T16:26:47 EET" duration-ms="206276">
    <groups>
      <group name="cucumber">
        <method signature="AbstractTestNGCucumberTests.runScenario(io.cucumber.testng.PickleWrapper,io.cucumber.testng.FeatureWrapper)[pri:0, instance:org.example.testRunner.Runner@470f1802]" name="runScenario" class="io.cucumber.testng.AbstractTestNGCucumberTests"/>
      </group> <!-- cucumber -->
    </groups>
    <test started-at="2022-07-16T16:23:21 EET" name="Surefire test" finished-at="2022-07-16T16:26:47 EET" duration-ms="206276">
      <class name="org.example.testRunner.Runner">
        <test-method is-config="true" signature="setUpClass(org.testng.ITestContext)[pri:0, instance:org.example.testRunner.Runner@470f1802]" started-at="2022-07-16T16:23:21 EET" name="setUpClass" finished-at="2022-07-16T16:23:22 EET" duration-ms="663" status="PASS">
          <params>
            <param index="0">
              <value>
                <![CDATA[org.testng.TestRunner@437c1a87]]>
              </value>
            </param>
          </params>
          <reporter-output>
          </reporter-output>
        </test-method> <!-- setUpClass -->
        <test-method signature="runScenario(io.cucumber.testng.PickleWrapper,io.cucumber.testng.FeatureWrapper)[pri:0, instance:org.example.testRunner.Runner@470f1802]" started-at="2022-07-16T16:23:22 EET" name="runScenario" description="Runs Cucumber Scenarios" data-provider="scenarios" finished-at="2022-07-16T16:23:32 EET" duration-ms="10494" status="PASS">
          <params>
            <param index="0">
              <value>
                <![CDATA["guest user could register with valid data successfully"]]>
              </value>
            </param>
            <param index="1">
              <value>
                <![CDATA["F01_Register | users could register with new accounts"]]>
              </value>
            </param>
          </params>
          <reporter-output>
          </reporter-output>
        </test-method> <!-- runScenario -->
        <test-method signature="runScenario(io.cucumber.testng.PickleWrapper,io.cucumber.testng.FeatureWrapper)[pri:0, instance:org.example.testRunner.Runner@470f1802]" started-at="2022-07-16T16:23:32 EET" name="runScenario" description="Runs Cucumber Scenarios" data-provider="scenarios" finished-at="2022-07-16T16:23:41 EET" duration-ms="8992" status="PASS">
          <params>
            <param index="0">
              <value>
                <![CDATA["user could login with valid email and password"]]>
              </value>
            </param>
            <param index="1">
              <value>
                <![CDATA["F02_Login | users could use login functionality to use their accounts"]]>
              </value>
            </param>
          </params>
          <reporter-output>
          </reporter-output>
        </test-method> <!-- runScenario -->
        <test-method signature="runScenario(io.cucumber.testng.PickleWrapper,io.cucumber.testng.FeatureWrapper)[pri:0, instance:org.example.testRunner.Runner@470f1802]" started-at="2022-07-16T16:23:41 EET" name="runScenario" description="Runs Cucumber Scenarios" data-provider="scenarios" finished-at="2022-07-16T16:23:49 EET" duration-ms="8050" status="PASS">
          <params>
            <param index="0">
              <value>
                <![CDATA["user could login with invalid email and password"]]>
              </value>
            </param>
            <param index="1">
              <value>
                <![CDATA["F02_Login | users could use login functionality to use their accounts"]]>
              </value>
            </param>
          </params>
          <reporter-output>
          </reporter-output>
        </test-method> <!-- runScenario -->
        <test-method signature="runScenario(io.cucumber.testng.PickleWrapper,io.cucumber.testng.FeatureWrapper)[pri:0, instance:org.example.testRunner.Runner@470f1802]" started-at="2022-07-16T16:23:49 EET" name="runScenario" description="Runs Cucumber Scenarios" data-provider="scenarios" finished-at="2022-07-16T16:23:58 EET" duration-ms="8472" status="PASS">
          <params>
            <param index="0">
              <value>
                <![CDATA["Select Euro currency from the dropdown list on the top left of home page"]]>
              </value>
            </param>
            <param index="1">
              <value>
                <![CDATA["F03_ChangeCurrency | user changes the currency and reflected on the products list"]]>
              </value>
            </param>
          </params>
          <reporter-output>
          </reporter-output>
        </test-method> <!-- runScenario -->
        <test-method signature="runScenario(io.cucumber.testng.PickleWrapper,io.cucumber.testng.FeatureWrapper)[pri:0, instance:org.example.testRunner.Runner@470f1802]" started-at="2022-07-16T16:23:58 EET" name="runScenario" description="Runs Cucumber Scenarios" data-provider="scenarios" finished-at="2022-07-16T16:24:06 EET" duration-ms="7937" status="PASS">
          <params>
            <param index="0">
              <value>
                <![CDATA["user could search using product name"]]>
              </value>
            </param>
            <param index="1">
              <value>
                <![CDATA["F04_Search | Logged User could search for any product"]]>
              </value>
            </param>
          </params>
          <reporter-output>
          </reporter-output>
        </test-method> <!-- runScenario -->
        <test-method signature="runScenario(io.cucumber.testng.PickleWrapper,io.cucumber.testng.FeatureWrapper)[pri:0, instance:org.example.testRunner.Runner@470f1802]" started-at="2022-07-16T16:24:06 EET" name="runScenario" description="Runs Cucumber Scenarios" data-provider="scenarios" finished-at="2022-07-16T16:24:14 EET" duration-ms="8620" status="PASS">
          <params>
            <param index="0">
              <value>
                <![CDATA["user could search using product name"]]>
              </value>
            </param>
            <param index="1">
              <value>
                <![CDATA["F04_Search | Logged User could search for any product"]]>
              </value>
            </param>
          </params>
          <reporter-output>
          </reporter-output>
        </test-method> <!-- runScenario -->
        <test-method signature="runScenario(io.cucumber.testng.PickleWrapper,io.cucumber.testng.FeatureWrapper)[pri:0, instance:org.example.testRunner.Runner@470f1802]" started-at="2022-07-16T16:24:14 EET" name="runScenario" description="Runs Cucumber Scenarios" data-provider="scenarios" finished-at="2022-07-16T16:24:23 EET" duration-ms="8585" status="PASS">
          <params>
            <param index="0">
              <value>
                <![CDATA["user could search using product name"]]>
              </value>
            </param>
            <param index="1">
              <value>
                <![CDATA["F04_Search | Logged User could search for any product"]]>
              </value>
            </param>
          </params>
          <reporter-output>
          </reporter-output>
        </test-method> <!-- runScenario -->
        <test-method signature="runScenario(io.cucumber.testng.PickleWrapper,io.cucumber.testng.FeatureWrapper)[pri:0, instance:org.example.testRunner.Runner@470f1802]" started-at="2022-07-16T16:24:23 EET" name="runScenario" description="Runs Cucumber Scenarios" data-provider="scenarios" finished-at="2022-07-16T16:24:35 EET" duration-ms="12061" status="PASS">
          <params>
            <param index="0">
              <value>
                <![CDATA["user could search using sku"]]>
              </value>
            </param>
            <param index="1">
              <value>
                <![CDATA["F04_Search | Logged User could search for any product"]]>
              </value>
            </param>
          </params>
          <reporter-output>
          </reporter-output>
        </test-method> <!-- runScenario -->
        <test-method signature="runScenario(io.cucumber.testng.PickleWrapper,io.cucumber.testng.FeatureWrapper)[pri:0, instance:org.example.testRunner.Runner@470f1802]" started-at="2022-07-16T16:24:35 EET" name="runScenario" description="Runs Cucumber Scenarios" data-provider="scenarios" finished-at="2022-07-16T16:24:45 EET" duration-ms="9615" status="PASS">
          <params>
            <param index="0">
              <value>
                <![CDATA["user could search using sku"]]>
              </value>
            </param>
            <param index="1">
              <value>
                <![CDATA["F04_Search | Logged User could search for any product"]]>
              </value>
            </param>
          </params>
          <reporter-output>
          </reporter-output>
        </test-method> <!-- runScenario -->
        <test-method signature="runScenario(io.cucumber.testng.PickleWrapper,io.cucumber.testng.FeatureWrapper)[pri:0, instance:org.example.testRunner.Runner@470f1802]" started-at="2022-07-16T16:24:45 EET" name="runScenario" description="Runs Cucumber Scenarios" data-provider="scenarios" finished-at="2022-07-16T16:24:54 EET" duration-ms="9204" status="PASS">
          <params>
            <param index="0">
              <value>
                <![CDATA["user could search using sku"]]>
              </value>
            </param>
            <param index="1">
              <value>
                <![CDATA["F04_Search | Logged User could search for any product"]]>
              </value>
            </param>
          </params>
          <reporter-output>
          </reporter-output>
        </test-method> <!-- runScenario -->
        <test-method signature="runScenario(io.cucumber.testng.PickleWrapper,io.cucumber.testng.FeatureWrapper)[pri:0, instance:org.example.testRunner.Runner@470f1802]" started-at="2022-07-16T16:24:54 EET" name="runScenario" description="Runs Cucumber Scenarios" data-provider="scenarios" finished-at="2022-07-16T16:25:01 EET" duration-ms="7540" status="PASS">
          <params>
            <param index="0">
              <value>
                <![CDATA["User hover on one of main categories then click on sub category"]]>
              </value>
            </param>
            <param index="1">
              <value>
                <![CDATA["F05_hoverCategories | Ensure that products appear in categories"]]>
              </value>
            </param>
          </params>
          <reporter-output>
          </reporter-output>
        </test-method> <!-- runScenario -->
        <test-method signature="runScenario(io.cucumber.testng.PickleWrapper,io.cucumber.testng.FeatureWrapper)[pri:0, instance:org.example.testRunner.Runner@470f1802]" started-at="2022-07-16T16:25:01 EET" name="runScenario" description="Runs Cucumber Scenarios" data-provider="scenarios" finished-at="2022-07-16T16:25:09 EET" duration-ms="7980" status="FAIL">
          <params>
            <param index="0">
              <value>
                <![CDATA["verify if the first slider link is exist"]]>
              </value>
            </param>
            <param index="1">
              <value>
                <![CDATA["F06_homeSliders | check if the home slider is work as expected"]]>
              </value>
            </param>
          </params>
          <exception class="java.lang.AssertionError">
            <message>
              <![CDATA[expected [https://demo.nopcommerce.com/nokia-lumia-1020] but found [https://demo.nopcommerce.com/]]]>
            </message>
            <full-stacktrace>
              <![CDATA[java.lang.AssertionError: expected [https://demo.nopcommerce.com/nokia-lumia-1020] but found [https://demo.nopcommerce.com/]
at org.testng.Assert.fail(Assert.java:110)
at org.testng.Assert.failNotEquals(Assert.java:1413)
at org.testng.Assert.assertEqualsImpl(Assert.java:149)
at org.testng.Assert.assertEquals(Assert.java:131)
at org.testng.Assert.assertEquals(Assert.java:655)
at org.testng.Assert.assertEquals(Assert.java:665)
at org.example.stepDefs.D06_homeSlidersStepDef.verify_if_the_redirect_link_is(D06_homeSlidersStepDef.java:29)
at ✽.verify if the redirect link is "https://demo.nopcommerce.com/nokia-lumia-1020"(file:///D:/clipse-workspaces/intellij/automation_projects/demonopcommerce/src/main/resources/features/F06_homeSliders.feature:5)
]]>
            </full-stacktrace>
          </exception> <!-- java.lang.AssertionError -->
          <reporter-output>
          </reporter-output>
        </test-method> <!-- runScenario -->
        <test-method signature="runScenario(io.cucumber.testng.PickleWrapper,io.cucumber.testng.FeatureWrapper)[pri:0, instance:org.example.testRunner.Runner@470f1802]" started-at="2022-07-16T16:25:09 EET" name="runScenario" description="Runs Cucumber Scenarios" data-provider="scenarios" finished-at="2022-07-16T16:25:18 EET" duration-ms="9067" status="FAIL">
          <params>
            <param index="0">
              <value>
                <![CDATA["verify if the second slider link is exist"]]>
              </value>
            </param>
            <param index="1">
              <value>
                <![CDATA["F06_homeSliders | check if the home slider is work as expected"]]>
              </value>
            </param>
          </params>
          <exception class="java.lang.AssertionError">
            <message>
              <![CDATA[expected [https://demo.nopcommerce.com/iphone-6] but found [https://demo.nopcommerce.com/]]]>
            </message>
            <full-stacktrace>
              <![CDATA[java.lang.AssertionError: expected [https://demo.nopcommerce.com/iphone-6] but found [https://demo.nopcommerce.com/]
at org.testng.Assert.fail(Assert.java:110)
at org.testng.Assert.failNotEquals(Assert.java:1413)
at org.testng.Assert.assertEqualsImpl(Assert.java:149)
at org.testng.Assert.assertEquals(Assert.java:131)
at org.testng.Assert.assertEquals(Assert.java:655)
at org.testng.Assert.assertEquals(Assert.java:665)
at org.example.stepDefs.D06_homeSlidersStepDef.verify_if_the_redirect_link_is(D06_homeSlidersStepDef.java:29)
at ✽.verify if the redirect link is "https://demo.nopcommerce.com/iphone-6"(file:///D:/clipse-workspaces/intellij/automation_projects/demonopcommerce/src/main/resources/features/F06_homeSliders.feature:9)
]]>
            </full-stacktrace>
          </exception> <!-- java.lang.AssertionError -->
          <reporter-output>
          </reporter-output>
        </test-method> <!-- runScenario -->
        <test-method signature="runScenario(io.cucumber.testng.PickleWrapper,io.cucumber.testng.FeatureWrapper)[pri:0, instance:org.example.testRunner.Runner@470f1802]" started-at="2022-07-16T16:25:18 EET" name="runScenario" description="Runs Cucumber Scenarios" data-provider="scenarios" finished-at="2022-07-16T16:25:42 EET" duration-ms="23804" status="PASS">
          <params>
            <param index="0">
              <value>
                <![CDATA["user opens facebook link"]]>
              </value>
            </param>
            <param index="1">
              <value>
                <![CDATA["F07_followUs | User open social media links"]]>
              </value>
            </param>
          </params>
          <reporter-output>
          </reporter-output>
        </test-method> <!-- runScenario -->
        <test-method signature="runScenario(io.cucumber.testng.PickleWrapper,io.cucumber.testng.FeatureWrapper)[pri:0, instance:org.example.testRunner.Runner@470f1802]" started-at="2022-07-16T16:25:42 EET" name="runScenario" description="Runs Cucumber Scenarios" data-provider="scenarios" finished-at="2022-07-16T16:25:52 EET" duration-ms="9516" status="PASS">
          <params>
            <param index="0">
              <value>
                <![CDATA["user opens twitter link"]]>
              </value>
            </param>
            <param index="1">
              <value>
                <![CDATA["F07_followUs | User open social media links"]]>
              </value>
            </param>
          </params>
          <reporter-output>
          </reporter-output>
        </test-method> <!-- runScenario -->
        <test-method signature="runScenario(io.cucumber.testng.PickleWrapper,io.cucumber.testng.FeatureWrapper)[pri:0, instance:org.example.testRunner.Runner@470f1802]" started-at="2022-07-16T16:25:52 EET" name="runScenario" description="Runs Cucumber Scenarios" data-provider="scenarios" finished-at="2022-07-16T16:26:00 EET" duration-ms="8741" status="FAIL">
          <params>
            <param index="0">
              <value>
                <![CDATA["user opens rss link"]]>
              </value>
            </param>
            <param index="1">
              <value>
                <![CDATA["F07_followUs | User open social media links"]]>
              </value>
            </param>
          </params>
          <exception class="java.lang.IndexOutOfBoundsException">
            <message>
              <![CDATA[Index 1 out of bounds for length 1]]>
            </message>
            <full-stacktrace>
              <![CDATA[java.lang.IndexOutOfBoundsException: Index 1 out of bounds for length 1
at java.base/jdk.internal.util.Preconditions.outOfBounds(Preconditions.java:100)
at java.base/jdk.internal.util.Preconditions.outOfBoundsCheckIndex(Preconditions.java:106)
at java.base/jdk.internal.util.Preconditions.checkIndex(Preconditions.java:302)
at java.base/java.util.Objects.checkIndex(Objects.java:359)
at java.base/java.util.ArrayList.get(ArrayList.java:427)
at org.example.stepDefs.D07_followUsStepDef.verify_new_tab_link(D07_followUsStepDef.java:44)
at ✽.verify new tab link "https://demo.nopcommerce.com/new-online-store-is-open"(file:///D:/clipse-workspaces/intellij/automation_projects/demonopcommerce/src/main/resources/features/F07_followUs.feature:16)
]]>
            </full-stacktrace>
          </exception> <!-- java.lang.IndexOutOfBoundsException -->
          <reporter-output>
          </reporter-output>
        </test-method> <!-- runScenario -->
        <test-method signature="runScenario(io.cucumber.testng.PickleWrapper,io.cucumber.testng.FeatureWrapper)[pri:0, instance:org.example.testRunner.Runner@470f1802]" started-at="2022-07-16T16:26:00 EET" name="runScenario" description="Runs Cucumber Scenarios" data-provider="scenarios" finished-at="2022-07-16T16:26:17 EET" duration-ms="16532" status="PASS">
          <params>
            <param index="0">
              <value>
                <![CDATA["user opens youtube link"]]>
              </value>
            </param>
            <param index="1">
              <value>
                <![CDATA["F07_followUs | User open social media links"]]>
              </value>
            </param>
          </params>
          <reporter-output>
          </reporter-output>
        </test-method> <!-- runScenario -->
        <test-method signature="runScenario(io.cucumber.testng.PickleWrapper,io.cucumber.testng.FeatureWrapper)[pri:0, instance:org.example.testRunner.Runner@470f1802]" started-at="2022-07-16T16:26:17 EET" name="runScenario" description="Runs Cucumber Scenarios" data-provider="scenarios" finished-at="2022-07-16T16:26:27 EET" duration-ms="9762" status="PASS">
          <params>
            <param index="0">
              <value>
                <![CDATA["user save a products to the wish list"]]>
              </value>
            </param>
            <param index="1">
              <value>
                <![CDATA["F08_Wishlist | User using wish list to save a products"]]>
              </value>
            </param>
          </params>
          <reporter-output>
          </reporter-output>
        </test-method> <!-- runScenario -->
        <test-method signature="runScenario(io.cucumber.testng.PickleWrapper,io.cucumber.testng.FeatureWrapper)[pri:0, instance:org.example.testRunner.Runner@470f1802]" started-at="2022-07-16T16:26:27 EET" name="runScenario" description="Runs Cucumber Scenarios" data-provider="scenarios" finished-at="2022-07-16T16:26:36 EET" duration-ms="8868" status="PASS">
          <params>
            <param index="0">
              <value>
                <![CDATA["Check number of products added to the wish list"]]>
              </value>
            </param>
            <param index="1">
              <value>
                <![CDATA["F08_Wishlist | User using wish list to save a products"]]>
              </value>
            </param>
          </params>
          <reporter-output>
          </reporter-output>
        </test-method> <!-- runScenario -->
        <test-method signature="runScenario(io.cucumber.testng.PickleWrapper,io.cucumber.testng.FeatureWrapper)[pri:0, instance:org.example.testRunner.Runner@470f1802]" started-at="2022-07-16T16:26:36 EET" name="runScenario" description="Runs Cucumber Scenarios" data-provider="scenarios" finished-at="2022-07-16T16:26:46 EET" duration-ms="10847" status="PASS">
          <params>
            <param index="0">
              <value>
                <![CDATA["User could reset his/her password successfully"]]>
              </value>
            </param>
            <param index="1">
              <value>
                <![CDATA["F09_ResetPassword | User could reset password"]]>
              </value>
            </param>
          </params>
          <reporter-output>
          </reporter-output>
        </test-method> <!-- runScenario -->
        <test-method is-config="true" signature="tearDownClass()[pri:0, instance:org.example.testRunner.Runner@470f1802]" started-at="2022-07-16T16:26:46 EET" name="tearDownClass" finished-at="2022-07-16T16:26:47 EET" duration-ms="884" status="PASS">
          <reporter-output>
          </reporter-output>
        </test-method> <!-- tearDownClass -->
      </class> <!-- org.example.testRunner.Runner -->
    </test> <!-- Surefire test -->
  </suite> <!-- Surefire suite -->
</testng-results>
